<?xml version="1.0" encoding="UTF-8"?>
<testng-results ignored="0" total="1" passed="1" failed="0" skipped="0">
  <reporter-output>
  </reporter-output>
  <suite started-at="2020-11-22T02:34:46 NZDT" name="Suite" finished-at="2020-11-22T02:34:46 NZDT" duration-ms="330">
    <groups>
      <group name="cucumber">
        <method signature="WestpacKiwiSaverCalcTestMain.mainTest()[pri:0, instance:com.wpKiwiSaveCalcTest.Main.WestpacKiwiSaverCalcTestMain@5bfa9431]" name="mainTest" class="com.wpKiwiSaveCalcTest.Main.WestpacKiwiSaverCalcTestMain"/>
      </group> <!-- cucumber -->
    </groups>
    <test started-at="2020-11-22T02:34:46 NZDT" name="Test" finished-at="2020-11-22T02:34:46 NZDT" duration-ms="330">
      <class name="com.wpKiwiSaveCalcTest.Main.WestpacKiwiSaverCalcTestMain">
        <test-method is-config="true" signature="beforeClass()[pri:0, instance:com.wpKiwiSaveCalcTest.Main.WestpacKiwiSaverCalcTestMain@5bfa9431]" started-at="2020-11-22T02:34:46 NZDT" name="beforeClass" finished-at="2020-11-22T02:34:46 NZDT" duration-ms="224" status="PASS">
          <reporter-output>
          </reporter-output>
        </test-method> <!-- beforeClass -->
        <test-method signature="mainTest()[pri:0, instance:com.wpKiwiSaveCalcTest.Main.WestpacKiwiSaverCalcTestMain@5bfa9431]" started-at="2020-11-22T02:34:46 NZDT" name="mainTest" description="Runs Cucumber Features" finished-at="2020-11-22T02:34:46 NZDT" duration-ms="69" status="PASS">
          <reporter-output>
          </reporter-output>
        </test-method> <!-- mainTest -->
        <test-method is-config="true" signature="afterClass()[pri:0, instance:com.wpKiwiSaveCalcTest.Main.WestpacKiwiSaverCalcTestMain@5bfa9431]" started-at="2020-11-22T02:34:46 NZDT" name="afterClass" finished-at="2020-11-22T02:34:46 NZDT" duration-ms="1" status="PASS">
          <reporter-output>
          </reporter-output>
        </test-method> <!-- afterClass -->
      </class> <!-- com.wpKiwiSaveCalcTest.Main.WestpacKiwiSaverCalcTestMain -->
    </test> <!-- Test -->
  </suite> <!-- Suite -->
</testng-results>
