<?xml version="1.0" encoding="UTF-8"?>
<!-- Generated by org.testng.reporters.JUnitReportReporter -->
<testsuite hostname="Anthony-Laptop" failures="0" tests="1" name="com.wpKiwiSaveCalcTest.Main.WestpacKiwiSaverCalcTestMain" time="0.069" errors="0" timestamp="2020-11-22T02:34:46 NZDT" skipped="0">
  <testcase classname="com.wpKiwiSaveCalcTest.Main.WestpacKiwiSaverCalcTestMain" name="mainTest" time="0.069"/>
  <system-out/>
</testsuite> <!-- com.wpKiwiSaveCalcTest.Main.WestpacKiwiSaverCalcTestMain -->
